!SESSION 2018-01-30 09:45:59.755 -----------------------------------------------
eclipse.buildId=unknown
java.version=1.8.0_144
java.vendor=Oracle Corporation
BootLoader constants: OS=linux, ARCH=x86_64, WS=gtk, NL=en_US

This is a continuation of log file /home/saubhagya/Documents/WSO2_Products/IS/wso2is-5.4.0/repository/components/default/configuration/1517285745506.bak_0.log
Created Time: 2018-01-30 09:45:59.755

!ENTRY org.eclipse.equinox.ds 4 0 2018-01-30 09:45:59.755
!MESSAGE [SCR] Exception while activating instance org.wso2.carbon.webapp.mgt.internal.UrlMapperServiceComponent@2da1107c of component org.wso2.carbon.webapp.mgt.internal.UrlMapperServiceComponent  
!STACK 0
java.lang.NoClassDefFoundError: org/wso2/carbon/url/mapper/HotUpdateService
	at java.lang.Class.getDeclaredMethods0(Native Method)
	at java.lang.Class.privateGetDeclaredMethods(Class.java:2701)
	at java.lang.Class.getDeclaredMethod(Class.java:2128)
	at org.eclipse.equinox.internal.ds.model.ServiceComponent.getMethod(ServiceComponent.java:156)
	at org.eclipse.equinox.internal.ds.model.ServiceComponent.activate(ServiceComponent.java:253)
	at org.eclipse.equinox.internal.ds.model.ServiceComponentProp.activate(ServiceComponentProp.java:146)
	at org.eclipse.equinox.internal.ds.model.ServiceComponentProp.build(ServiceComponentProp.java:345)
	at org.eclipse.equinox.internal.ds.InstanceProcess.buildComponent(InstanceProcess.java:620)
	at org.eclipse.equinox.internal.ds.InstanceProcess.buildComponents(InstanceProcess.java:197)
	at org.eclipse.equinox.internal.ds.Resolver.buildNewlySatisfied(Resolver.java:473)
	at org.eclipse.equinox.internal.ds.Resolver.enableComponents(Resolver.java:217)
	at org.eclipse.equinox.internal.ds.SCRManager.performWork(SCRManager.java:816)
	at org.eclipse.equinox.internal.ds.SCRManager$QueuedJob.dispatch(SCRManager.java:783)
	at org.eclipse.equinox.internal.ds.WorkThread.run(WorkThread.java:89)
	at org.eclipse.equinox.internal.util.impl.tpt.threadpool.Executor.run(Executor.java:70)
Caused by: java.lang.ClassNotFoundException: org.wso2.carbon.url.mapper.HotUpdateService cannot be found by org.wso2.carbon.webapp.mgt_4.7.6
	at org.eclipse.osgi.internal.loader.BundleLoader.findClassInternal(BundleLoader.java:501)
	at org.eclipse.osgi.internal.loader.BundleLoader.findClass(BundleLoader.java:421)
	at org.eclipse.osgi.internal.loader.BundleLoader.findClass(BundleLoader.java:412)
	at org.eclipse.osgi.internal.baseadaptor.DefaultClassLoader.loadClass(DefaultClassLoader.java:107)
	at java.lang.ClassLoader.loadClass(ClassLoader.java:357)
	... 15 more
