[2018-01-29 16:53:39,988]  INFO {org.wso2.carbon.server.util.PatchUtils} -  Checking for patch changes ...
[2018-01-29 16:53:39,989]  INFO {org.wso2.carbon.server.util.PatchUtils} -  No new patch or service pack detected, server will start without applying patches 
[2018-01-29 16:53:39,989]  INFO {org.wso2.carbon.server.util.PatchUtils} -  Patch verification started
[2018-01-29 16:53:39,989]  INFO {org.wso2.carbon.server.util.PatchUtils} -  Patch verification successfully completed
[2018-01-29 17:30:37,025]  INFO {org.wso2.carbon.server.util.PatchUtils} -  Checking for patch changes ...
[2018-01-29 17:30:37,026]  INFO {org.wso2.carbon.server.util.PatchUtils} -  No new patch or service pack detected, server will start without applying patches 
[2018-01-29 17:30:37,027]  INFO {org.wso2.carbon.server.util.PatchUtils} -  Patch verification started
[2018-01-29 17:30:37,027]  INFO {org.wso2.carbon.server.util.PatchUtils} -  Patch verification successfully completed
[2018-01-29 17:32:11,061]  INFO {org.wso2.carbon.server.util.PatchUtils} -  Checking for patch changes ...
[2018-01-29 17:32:11,063]  INFO {org.wso2.carbon.server.util.PatchUtils} -  No new patch or service pack detected, server will start without applying patches 
[2018-01-29 17:32:11,063]  INFO {org.wso2.carbon.server.util.PatchUtils} -  Patch verification started
[2018-01-29 17:32:11,063]  INFO {org.wso2.carbon.server.util.PatchUtils} -  Patch verification successfully completed
[2018-01-29 17:48:39,605]  INFO {org.wso2.carbon.server.util.PatchUtils} -  Checking for patch changes ...
[2018-01-29 17:48:39,607]  INFO {org.wso2.carbon.server.util.PatchUtils} -  No new patch or service pack detected, server will start without applying patches 
[2018-01-29 17:48:39,607]  INFO {org.wso2.carbon.server.util.PatchUtils} -  Patch verification started
[2018-01-29 17:48:39,607]  INFO {org.wso2.carbon.server.util.PatchUtils} -  Patch verification successfully completed
[2018-01-29 17:49:58,816]  INFO {org.wso2.carbon.server.util.PatchUtils} -  Checking for patch changes ...
[2018-01-29 17:49:58,817]  INFO {org.wso2.carbon.server.util.PatchUtils} -  No new patch or service pack detected, server will start without applying patches 
[2018-01-29 17:49:58,817]  INFO {org.wso2.carbon.server.util.PatchUtils} -  Patch verification started
[2018-01-29 17:49:58,818]  INFO {org.wso2.carbon.server.util.PatchUtils} -  Patch verification successfully completed
[2018-01-29 17:54:53,000]  INFO {org.wso2.carbon.server.util.PatchUtils} -  Checking for patch changes ...
[2018-01-29 17:54:53,002]  INFO {org.wso2.carbon.server.util.PatchUtils} -  No new patch or service pack detected, server will start without applying patches 
[2018-01-29 17:54:53,002]  INFO {org.wso2.carbon.server.util.PatchUtils} -  Patch verification started
[2018-01-29 17:54:53,002]  INFO {org.wso2.carbon.server.util.PatchUtils} -  Patch verification successfully completed
[2018-01-29 18:12:34,865]  INFO {org.wso2.carbon.server.util.PatchUtils} -  Checking for patch changes ...
[2018-01-29 18:12:34,866]  INFO {org.wso2.carbon.server.util.PatchUtils} -  No new patch or service pack detected, server will start without applying patches 
[2018-01-29 18:12:34,866]  INFO {org.wso2.carbon.server.util.PatchUtils} -  Patch verification started
[2018-01-29 18:12:34,866]  INFO {org.wso2.carbon.server.util.PatchUtils} -  Patch verification successfully completed
[2018-01-29 18:27:16,541]  INFO {org.wso2.carbon.server.util.PatchUtils} -  Checking for patch changes ...
[2018-01-29 18:27:16,543]  INFO {org.wso2.carbon.server.util.PatchUtils} -  No new patch or service pack detected, server will start without applying patches 
[2018-01-29 18:27:16,543]  INFO {org.wso2.carbon.server.util.PatchUtils} -  Patch verification started
[2018-01-29 18:27:16,543]  INFO {org.wso2.carbon.server.util.PatchUtils} -  Patch verification successfully completed
[2018-01-29 18:35:50,229]  INFO {org.wso2.carbon.server.util.PatchUtils} -  Checking for patch changes ...
[2018-01-29 18:35:50,230]  INFO {org.wso2.carbon.server.util.PatchUtils} -  No new patch or service pack detected, server will start without applying patches 
[2018-01-29 18:35:50,230]  INFO {org.wso2.carbon.server.util.PatchUtils} -  Patch verification started
[2018-01-29 18:35:50,230]  INFO {org.wso2.carbon.server.util.PatchUtils} -  Patch verification successfully completed
[2018-01-29 18:40:58,428]  INFO {org.wso2.carbon.server.util.PatchUtils} -  Checking for patch changes ...
[2018-01-29 18:40:58,430]  INFO {org.wso2.carbon.server.util.PatchUtils} -  No new patch or service pack detected, server will start without applying patches 
[2018-01-29 18:40:58,430]  INFO {org.wso2.carbon.server.util.PatchUtils} -  Patch verification started
[2018-01-29 18:40:58,430]  INFO {org.wso2.carbon.server.util.PatchUtils} -  Patch verification successfully completed
[2018-01-29 20:11:37,478]  INFO {org.wso2.carbon.server.util.PatchUtils} -  Checking for patch changes ...
[2018-01-29 20:11:37,480]  INFO {org.wso2.carbon.server.util.PatchUtils} -  No new patch or service pack detected, server will start without applying patches 
[2018-01-29 20:11:37,480]  INFO {org.wso2.carbon.server.util.PatchUtils} -  Patch verification started
[2018-01-29 20:11:37,480]  INFO {org.wso2.carbon.server.util.PatchUtils} -  Patch verification successfully completed
[2018-01-30 09:43:15,880]  INFO {org.wso2.carbon.server.util.PatchUtils} -  Checking for patch changes ...
[2018-01-30 09:43:15,882]  INFO {org.wso2.carbon.server.util.PatchUtils} -  No new patch or service pack detected, server will start without applying patches 
[2018-01-30 09:43:15,882]  INFO {org.wso2.carbon.server.util.PatchUtils} -  Patch verification started
[2018-01-30 09:43:15,883]  INFO {org.wso2.carbon.server.util.PatchUtils} -  Patch verification successfully completed
[2018-01-30 09:45:45,409]  INFO {org.wso2.carbon.server.util.PatchUtils} -  Checking for patch changes ...
[2018-01-30 09:45:45,410]  INFO {org.wso2.carbon.server.util.PatchUtils} -  No new patch or service pack detected, server will start without applying patches 
[2018-01-30 09:45:45,411]  INFO {org.wso2.carbon.server.util.PatchUtils} -  Patch verification started
[2018-01-30 09:45:45,411]  INFO {org.wso2.carbon.server.util.PatchUtils} -  Patch verification successfully completed
[2018-01-30 10:13:12,117]  INFO {org.wso2.carbon.server.util.PatchUtils} -  Checking for patch changes ...
[2018-01-30 10:13:12,119]  INFO {org.wso2.carbon.server.util.PatchUtils} -  No new patch or service pack detected, server will start without applying patches 
[2018-01-30 10:13:12,119]  INFO {org.wso2.carbon.server.util.PatchUtils} -  Patch verification started
[2018-01-30 10:13:12,119]  INFO {org.wso2.carbon.server.util.PatchUtils} -  Patch verification successfully completed
[2018-01-30 10:15:16,741]  INFO {org.wso2.carbon.server.util.PatchUtils} -  Checking for patch changes ...
[2018-01-30 10:15:16,742]  INFO {org.wso2.carbon.server.util.PatchUtils} -  No new patch or service pack detected, server will start without applying patches 
[2018-01-30 10:15:16,743]  INFO {org.wso2.carbon.server.util.PatchUtils} -  Patch verification started
[2018-01-30 10:15:16,743]  INFO {org.wso2.carbon.server.util.PatchUtils} -  Patch verification successfully completed
[2018-01-30 10:16:42,756]  INFO {org.wso2.carbon.server.util.PatchUtils} -  Checking for patch changes ...
[2018-01-30 10:16:42,758]  INFO {org.wso2.carbon.server.util.PatchUtils} -  No new patch or service pack detected, server will start without applying patches 
[2018-01-30 10:16:42,758]  INFO {org.wso2.carbon.server.util.PatchUtils} -  Patch verification started
[2018-01-30 10:16:42,759]  INFO {org.wso2.carbon.server.util.PatchUtils} -  Patch verification successfully completed
[2018-01-30 10:38:52,280]  INFO {org.wso2.carbon.server.util.PatchUtils} -  Checking for patch changes ...
[2018-01-30 10:38:52,282]  INFO {org.wso2.carbon.server.util.PatchUtils} -  No new patch or service pack detected, server will start without applying patches 
[2018-01-30 10:38:52,282]  INFO {org.wso2.carbon.server.util.PatchUtils} -  Patch verification started
[2018-01-30 10:38:52,282]  INFO {org.wso2.carbon.server.util.PatchUtils} -  Patch verification successfully completed
[2018-01-30 10:46:32,544]  INFO {org.wso2.carbon.server.util.PatchUtils} -  Checking for patch changes ...
[2018-01-30 10:46:32,545]  INFO {org.wso2.carbon.server.util.PatchUtils} -  No new patch or service pack detected, server will start without applying patches 
[2018-01-30 10:46:32,546]  INFO {org.wso2.carbon.server.util.PatchUtils} -  Patch verification started
[2018-01-30 10:46:32,546]  INFO {org.wso2.carbon.server.util.PatchUtils} -  Patch verification successfully completed
[2018-01-30 10:54:29,179]  INFO {org.wso2.carbon.server.util.PatchUtils} -  Checking for patch changes ...
[2018-01-30 10:54:29,180]  INFO {org.wso2.carbon.server.util.PatchUtils} -  No new patch or service pack detected, server will start without applying patches 
[2018-01-30 10:54:29,180]  INFO {org.wso2.carbon.server.util.PatchUtils} -  Patch verification started
[2018-01-30 10:54:29,180]  INFO {org.wso2.carbon.server.util.PatchUtils} -  Patch verification successfully completed
[2018-01-30 10:57:56,916]  INFO {org.wso2.carbon.server.util.PatchUtils} -  Checking for patch changes ...
[2018-01-30 10:57:56,918]  INFO {org.wso2.carbon.server.util.PatchUtils} -  No new patch or service pack detected, server will start without applying patches 
[2018-01-30 10:57:56,918]  INFO {org.wso2.carbon.server.util.PatchUtils} -  Patch verification started
[2018-01-30 10:57:56,919]  INFO {org.wso2.carbon.server.util.PatchUtils} -  Patch verification successfully completed
[2018-01-30 10:59:40,021]  INFO {org.wso2.carbon.server.util.PatchUtils} -  Checking for patch changes ...
[2018-01-30 10:59:40,022]  INFO {org.wso2.carbon.server.util.PatchUtils} -  No new patch or service pack detected, server will start without applying patches 
[2018-01-30 10:59:40,023]  INFO {org.wso2.carbon.server.util.PatchUtils} -  Patch verification started
[2018-01-30 10:59:40,023]  INFO {org.wso2.carbon.server.util.PatchUtils} -  Patch verification successfully completed
[2018-01-30 11:03:03,512]  INFO {org.wso2.carbon.server.util.PatchUtils} -  Checking for patch changes ...
[2018-01-30 11:03:03,514]  INFO {org.wso2.carbon.server.util.PatchUtils} -  No new patch or service pack detected, server will start without applying patches 
[2018-01-30 11:03:03,514]  INFO {org.wso2.carbon.server.util.PatchUtils} -  Patch verification started
[2018-01-30 11:03:03,514]  INFO {org.wso2.carbon.server.util.PatchUtils} -  Patch verification successfully completed
[2018-01-30 11:04:41,223]  INFO {org.wso2.carbon.server.util.PatchUtils} -  Checking for patch changes ...
[2018-01-30 11:04:41,224]  INFO {org.wso2.carbon.server.util.PatchUtils} -  No new patch or service pack detected, server will start without applying patches 
[2018-01-30 11:04:41,224]  INFO {org.wso2.carbon.server.util.PatchUtils} -  Patch verification started
[2018-01-30 11:04:41,224]  INFO {org.wso2.carbon.server.util.PatchUtils} -  Patch verification successfully completed
[2018-01-30 11:09:11,896]  INFO {org.wso2.carbon.server.util.PatchUtils} -  Checking for patch changes ...
[2018-01-30 11:09:11,898]  INFO {org.wso2.carbon.server.util.PatchUtils} -  No new patch or service pack detected, server will start without applying patches 
[2018-01-30 11:09:11,898]  INFO {org.wso2.carbon.server.util.PatchUtils} -  Patch verification started
[2018-01-30 11:09:11,898]  INFO {org.wso2.carbon.server.util.PatchUtils} -  Patch verification successfully completed
[2018-01-30 11:11:00,236]  INFO {org.wso2.carbon.server.util.PatchUtils} -  Checking for patch changes ...
[2018-01-30 11:11:00,238]  INFO {org.wso2.carbon.server.util.PatchUtils} -  No new patch or service pack detected, server will start without applying patches 
[2018-01-30 11:11:00,238]  INFO {org.wso2.carbon.server.util.PatchUtils} -  Patch verification started
[2018-01-30 11:11:00,238]  INFO {org.wso2.carbon.server.util.PatchUtils} -  Patch verification successfully completed
[2018-01-30 11:11:53,663]  INFO {org.wso2.carbon.server.util.PatchUtils} -  Checking for patch changes ...
[2018-01-30 11:11:53,665]  INFO {org.wso2.carbon.server.util.PatchUtils} -  No new patch or service pack detected, server will start without applying patches 
[2018-01-30 11:11:53,665]  INFO {org.wso2.carbon.server.util.PatchUtils} -  Patch verification started
[2018-01-30 11:11:53,665]  INFO {org.wso2.carbon.server.util.PatchUtils} -  Patch verification successfully completed
[2018-01-30 11:23:34,756]  INFO {org.wso2.carbon.server.util.PatchUtils} -  Checking for patch changes ...
[2018-01-30 11:23:34,757]  INFO {org.wso2.carbon.server.util.PatchUtils} -  No new patch or service pack detected, server will start without applying patches 
[2018-01-30 11:23:34,757]  INFO {org.wso2.carbon.server.util.PatchUtils} -  Patch verification started
[2018-01-30 11:23:34,757]  INFO {org.wso2.carbon.server.util.PatchUtils} -  Patch verification successfully completed
[2018-01-30 11:27:07,244]  INFO {org.wso2.carbon.server.util.PatchUtils} -  Checking for patch changes ...
[2018-01-30 11:27:07,245]  INFO {org.wso2.carbon.server.util.PatchUtils} -  No new patch or service pack detected, server will start without applying patches 
[2018-01-30 11:27:07,245]  INFO {org.wso2.carbon.server.util.PatchUtils} -  Patch verification started
[2018-01-30 11:27:07,245]  INFO {org.wso2.carbon.server.util.PatchUtils} -  Patch verification successfully completed
[2018-01-30 11:33:56,836]  INFO {org.wso2.carbon.server.util.PatchUtils} -  Checking for patch changes ...
[2018-01-30 11:33:56,838]  INFO {org.wso2.carbon.server.util.PatchUtils} -  No new patch or service pack detected, server will start without applying patches 
[2018-01-30 11:33:56,838]  INFO {org.wso2.carbon.server.util.PatchUtils} -  Patch verification started
[2018-01-30 11:33:56,838]  INFO {org.wso2.carbon.server.util.PatchUtils} -  Patch verification successfully completed
[2018-01-30 14:20:40,145]  INFO {org.wso2.carbon.server.util.PatchUtils} -  Checking for patch changes ...
[2018-01-30 14:20:40,147]  INFO {org.wso2.carbon.server.util.PatchUtils} -  No new patch or service pack detected, server will start without applying patches 
[2018-01-30 14:20:40,147]  INFO {org.wso2.carbon.server.util.PatchUtils} -  Patch verification started
[2018-01-30 14:20:40,147]  INFO {org.wso2.carbon.server.util.PatchUtils} -  Patch verification successfully completed
[2018-01-30 14:26:38,605]  INFO {org.wso2.carbon.server.util.PatchUtils} -  Checking for patch changes ...
[2018-01-30 14:26:38,606]  INFO {org.wso2.carbon.server.util.PatchUtils} -  No new patch or service pack detected, server will start without applying patches 
[2018-01-30 14:26:38,606]  INFO {org.wso2.carbon.server.util.PatchUtils} -  Patch verification started
[2018-01-30 14:26:38,606]  INFO {org.wso2.carbon.server.util.PatchUtils} -  Patch verification successfully completed
[2018-01-30 14:58:38,133]  INFO {org.wso2.carbon.server.util.PatchUtils} -  Checking for patch changes ...
[2018-01-30 14:58:38,135]  INFO {org.wso2.carbon.server.util.PatchUtils} -  No new patch or service pack detected, server will start without applying patches 
[2018-01-30 14:58:38,135]  INFO {org.wso2.carbon.server.util.PatchUtils} -  Patch verification started
[2018-01-30 14:58:38,135]  INFO {org.wso2.carbon.server.util.PatchUtils} -  Patch verification successfully completed
[2018-01-30 15:42:54,651]  INFO {org.wso2.carbon.server.util.PatchUtils} -  Checking for patch changes ...
[2018-01-30 15:42:54,652]  INFO {org.wso2.carbon.server.util.PatchUtils} -  No new patch or service pack detected, server will start without applying patches 
[2018-01-30 15:42:54,652]  INFO {org.wso2.carbon.server.util.PatchUtils} -  Patch verification started
[2018-01-30 15:42:54,652]  INFO {org.wso2.carbon.server.util.PatchUtils} -  Patch verification successfully completed
[2018-01-30 16:19:40,742]  INFO {org.wso2.carbon.server.util.PatchUtils} -  Checking for patch changes ...
[2018-01-30 16:19:40,743]  INFO {org.wso2.carbon.server.util.PatchUtils} -  No new patch or service pack detected, server will start without applying patches 
[2018-01-30 16:19:40,744]  INFO {org.wso2.carbon.server.util.PatchUtils} -  Patch verification started
[2018-01-30 16:19:40,744]  INFO {org.wso2.carbon.server.util.PatchUtils} -  Patch verification successfully completed
[2018-01-30 19:23:03,069]  INFO {org.wso2.carbon.server.util.PatchUtils} -  Checking for patch changes ...
[2018-01-30 19:23:03,071]  INFO {org.wso2.carbon.server.util.PatchUtils} -  No new patch or service pack detected, server will start without applying patches 
[2018-01-30 19:23:03,071]  INFO {org.wso2.carbon.server.util.PatchUtils} -  Patch verification started
[2018-01-30 19:23:03,071]  INFO {org.wso2.carbon.server.util.PatchUtils} -  Patch verification successfully completed
[2018-01-31 12:45:10,592]  INFO {org.wso2.carbon.server.util.PatchUtils} -  Checking for patch changes ...
[2018-01-31 12:45:10,593]  INFO {org.wso2.carbon.server.util.PatchUtils} -  No new patch or service pack detected, server will start without applying patches 
[2018-01-31 12:45:10,593]  INFO {org.wso2.carbon.server.util.PatchUtils} -  Patch verification started
[2018-01-31 12:45:10,593]  INFO {org.wso2.carbon.server.util.PatchUtils} -  Patch verification successfully completed
[2018-01-31 13:21:32,572]  INFO {org.wso2.carbon.server.util.PatchUtils} -  Checking for patch changes ...
[2018-01-31 13:21:32,573]  INFO {org.wso2.carbon.server.util.PatchUtils} -  No new patch or service pack detected, server will start without applying patches 
[2018-01-31 13:21:32,573]  INFO {org.wso2.carbon.server.util.PatchUtils} -  Patch verification started
[2018-01-31 13:21:32,573]  INFO {org.wso2.carbon.server.util.PatchUtils} -  Patch verification successfully completed
[2018-01-31 13:29:23,670]  INFO {org.wso2.carbon.server.util.PatchUtils} -  Checking for patch changes ...
[2018-01-31 13:29:23,671]  INFO {org.wso2.carbon.server.util.PatchUtils} -  No new patch or service pack detected, server will start without applying patches 
[2018-01-31 13:29:23,672]  INFO {org.wso2.carbon.server.util.PatchUtils} -  Patch verification started
[2018-01-31 13:29:23,672]  INFO {org.wso2.carbon.server.util.PatchUtils} -  Patch verification successfully completed
[2018-01-31 13:33:28,864]  INFO {org.wso2.carbon.server.util.PatchUtils} -  Checking for patch changes ...
[2018-01-31 13:33:28,865]  INFO {org.wso2.carbon.server.util.PatchUtils} -  No new patch or service pack detected, server will start without applying patches 
[2018-01-31 13:33:28,865]  INFO {org.wso2.carbon.server.util.PatchUtils} -  Patch verification started
[2018-01-31 13:33:28,865]  INFO {org.wso2.carbon.server.util.PatchUtils} -  Patch verification successfully completed
[2018-01-31 13:43:41,280]  INFO {org.wso2.carbon.server.util.PatchUtils} -  Checking for patch changes ...
[2018-01-31 13:43:41,281]  INFO {org.wso2.carbon.server.util.PatchUtils} -  No new patch or service pack detected, server will start without applying patches 
[2018-01-31 13:43:41,281]  INFO {org.wso2.carbon.server.util.PatchUtils} -  Patch verification started
[2018-01-31 13:43:41,282]  INFO {org.wso2.carbon.server.util.PatchUtils} -  Patch verification successfully completed
[2018-01-31 14:01:25,966]  INFO {org.wso2.carbon.server.util.PatchUtils} -  Checking for patch changes ...
[2018-01-31 14:01:25,967]  INFO {org.wso2.carbon.server.util.PatchUtils} -  No new patch or service pack detected, server will start without applying patches 
[2018-01-31 14:01:25,967]  INFO {org.wso2.carbon.server.util.PatchUtils} -  Patch verification started
[2018-01-31 14:01:25,967]  INFO {org.wso2.carbon.server.util.PatchUtils} -  Patch verification successfully completed
[2018-01-31 14:17:25,677]  INFO {org.wso2.carbon.server.util.PatchUtils} -  Checking for patch changes ...
[2018-01-31 14:17:25,678]  INFO {org.wso2.carbon.server.util.PatchUtils} -  No new patch or service pack detected, server will start without applying patches 
[2018-01-31 14:17:25,679]  INFO {org.wso2.carbon.server.util.PatchUtils} -  Patch verification started
[2018-01-31 14:17:25,679]  INFO {org.wso2.carbon.server.util.PatchUtils} -  Patch verification successfully completed
[2018-01-31 14:19:41,318]  INFO {org.wso2.carbon.server.util.PatchUtils} -  Checking for patch changes ...
[2018-01-31 14:19:41,319]  INFO {org.wso2.carbon.server.util.PatchUtils} -  No new patch or service pack detected, server will start without applying patches 
[2018-01-31 14:19:41,320]  INFO {org.wso2.carbon.server.util.PatchUtils} -  Patch verification started
[2018-01-31 14:19:41,320]  INFO {org.wso2.carbon.server.util.PatchUtils} -  Patch verification successfully completed
[2018-01-31 14:24:19,399]  INFO {org.wso2.carbon.server.util.PatchUtils} -  Checking for patch changes ...
[2018-01-31 14:24:19,401]  INFO {org.wso2.carbon.server.util.PatchUtils} -  No new patch or service pack detected, server will start without applying patches 
[2018-01-31 14:24:19,401]  INFO {org.wso2.carbon.server.util.PatchUtils} -  Patch verification started
[2018-01-31 14:24:19,401]  INFO {org.wso2.carbon.server.util.PatchUtils} -  Patch verification successfully completed
[2018-01-31 14:36:53,001]  INFO {org.wso2.carbon.server.util.PatchUtils} -  Checking for patch changes ...
[2018-01-31 14:36:53,002]  INFO {org.wso2.carbon.server.util.PatchUtils} -  No new patch or service pack detected, server will start without applying patches 
[2018-01-31 14:36:53,002]  INFO {org.wso2.carbon.server.util.PatchUtils} -  Patch verification started
[2018-01-31 14:36:53,002]  INFO {org.wso2.carbon.server.util.PatchUtils} -  Patch verification successfully completed
[2018-01-31 14:44:35,871]  INFO {org.wso2.carbon.server.util.PatchUtils} -  Checking for patch changes ...
[2018-01-31 14:44:35,872]  INFO {org.wso2.carbon.server.util.PatchUtils} -  No new patch or service pack detected, server will start without applying patches 
[2018-01-31 14:44:35,873]  INFO {org.wso2.carbon.server.util.PatchUtils} -  Patch verification started
[2018-01-31 14:44:35,873]  INFO {org.wso2.carbon.server.util.PatchUtils} -  Patch verification successfully completed
[2018-01-31 14:47:38,400]  INFO {org.wso2.carbon.server.util.PatchUtils} -  Checking for patch changes ...
[2018-01-31 14:47:38,401]  INFO {org.wso2.carbon.server.util.PatchUtils} -  No new patch or service pack detected, server will start without applying patches 
[2018-01-31 14:47:38,401]  INFO {org.wso2.carbon.server.util.PatchUtils} -  Patch verification started
[2018-01-31 14:47:38,401]  INFO {org.wso2.carbon.server.util.PatchUtils} -  Patch verification successfully completed
[2018-01-31 14:50:59,473]  INFO {org.wso2.carbon.server.util.PatchUtils} -  Checking for patch changes ...
[2018-01-31 14:50:59,474]  INFO {org.wso2.carbon.server.util.PatchUtils} -  No new patch or service pack detected, server will start without applying patches 
[2018-01-31 14:50:59,474]  INFO {org.wso2.carbon.server.util.PatchUtils} -  Patch verification started
[2018-01-31 14:50:59,474]  INFO {org.wso2.carbon.server.util.PatchUtils} -  Patch verification successfully completed
[2018-01-31 15:13:09,217]  INFO {org.wso2.carbon.server.util.PatchUtils} -  Checking for patch changes ...
[2018-01-31 15:13:09,219]  INFO {org.wso2.carbon.server.util.PatchUtils} -  No new patch or service pack detected, server will start without applying patches 
[2018-01-31 15:13:09,219]  INFO {org.wso2.carbon.server.util.PatchUtils} -  Patch verification started
[2018-01-31 15:13:09,219]  INFO {org.wso2.carbon.server.util.PatchUtils} -  Patch verification successfully completed
[2018-01-31 15:16:11,880]  INFO {org.wso2.carbon.server.util.PatchUtils} -  Checking for patch changes ...
[2018-01-31 15:16:11,881]  INFO {org.wso2.carbon.server.util.PatchUtils} -  No new patch or service pack detected, server will start without applying patches 
[2018-01-31 15:16:11,881]  INFO {org.wso2.carbon.server.util.PatchUtils} -  Patch verification started
[2018-01-31 15:16:11,881]  INFO {org.wso2.carbon.server.util.PatchUtils} -  Patch verification successfully completed
[2018-01-31 15:17:54,522]  INFO {org.wso2.carbon.server.util.PatchUtils} -  Checking for patch changes ...
[2018-01-31 15:17:54,523]  INFO {org.wso2.carbon.server.util.PatchUtils} -  No new patch or service pack detected, server will start without applying patches 
[2018-01-31 15:17:54,523]  INFO {org.wso2.carbon.server.util.PatchUtils} -  Patch verification started
[2018-01-31 15:17:54,524]  INFO {org.wso2.carbon.server.util.PatchUtils} -  Patch verification successfully completed
[2018-01-31 15:22:04,904]  INFO {org.wso2.carbon.server.util.PatchUtils} -  Checking for patch changes ...
[2018-01-31 15:22:04,906]  INFO {org.wso2.carbon.server.util.PatchUtils} -  No new patch or service pack detected, server will start without applying patches 
[2018-01-31 15:22:04,906]  INFO {org.wso2.carbon.server.util.PatchUtils} -  Patch verification started
[2018-01-31 15:22:04,906]  INFO {org.wso2.carbon.server.util.PatchUtils} -  Patch verification successfully completed
[2018-01-31 22:10:32,184]  INFO {org.wso2.carbon.server.util.PatchUtils} -  Checking for patch changes ...
[2018-01-31 22:10:32,186]  INFO {org.wso2.carbon.server.util.PatchUtils} -  No new patch or service pack detected, server will start without applying patches 
[2018-01-31 22:10:32,187]  INFO {org.wso2.carbon.server.util.PatchUtils} -  Patch verification started
[2018-01-31 22:10:32,187]  INFO {org.wso2.carbon.server.util.PatchUtils} -  Patch verification successfully completed
[2018-01-31 22:26:36,630]  INFO {org.wso2.carbon.server.util.PatchUtils} -  Checking for patch changes ...
[2018-01-31 22:26:36,632]  INFO {org.wso2.carbon.server.util.PatchUtils} -  No new patch or service pack detected, server will start without applying patches 
[2018-01-31 22:26:36,632]  INFO {org.wso2.carbon.server.util.PatchUtils} -  Patch verification started
[2018-01-31 22:26:36,632]  INFO {org.wso2.carbon.server.util.PatchUtils} -  Patch verification successfully completed
[2018-01-31 22:57:00,396]  INFO {org.wso2.carbon.server.util.PatchUtils} -  Checking for patch changes ...
[2018-01-31 22:57:00,398]  INFO {org.wso2.carbon.server.util.PatchUtils} -  No new patch or service pack detected, server will start without applying patches 
[2018-01-31 22:57:00,398]  INFO {org.wso2.carbon.server.util.PatchUtils} -  Patch verification started
[2018-01-31 22:57:00,398]  INFO {org.wso2.carbon.server.util.PatchUtils} -  Patch verification successfully completed
[2018-01-31 23:07:35,948]  INFO {org.wso2.carbon.server.util.PatchUtils} -  Checking for patch changes ...
[2018-01-31 23:07:35,950]  INFO {org.wso2.carbon.server.util.PatchUtils} -  No new patch or service pack detected, server will start without applying patches 
[2018-01-31 23:07:35,950]  INFO {org.wso2.carbon.server.util.PatchUtils} -  Patch verification started
[2018-01-31 23:07:35,950]  INFO {org.wso2.carbon.server.util.PatchUtils} -  Patch verification successfully completed
[2018-01-31 23:14:45,520]  INFO {org.wso2.carbon.server.util.PatchUtils} -  Checking for patch changes ...
[2018-01-31 23:14:45,521]  INFO {org.wso2.carbon.server.util.PatchUtils} -  No new patch or service pack detected, server will start without applying patches 
[2018-01-31 23:14:45,522]  INFO {org.wso2.carbon.server.util.PatchUtils} -  Patch verification started
[2018-01-31 23:14:45,522]  INFO {org.wso2.carbon.server.util.PatchUtils} -  Patch verification successfully completed
[2018-01-31 23:15:32,520]  INFO {org.wso2.carbon.server.util.PatchUtils} -  Checking for patch changes ...
[2018-01-31 23:15:32,521]  INFO {org.wso2.carbon.server.util.PatchUtils} -  No new patch or service pack detected, server will start without applying patches 
[2018-01-31 23:15:32,521]  INFO {org.wso2.carbon.server.util.PatchUtils} -  Patch verification started
[2018-01-31 23:15:32,521]  INFO {org.wso2.carbon.server.util.PatchUtils} -  Patch verification successfully completed
[2018-01-31 23:27:25,061]  INFO {org.wso2.carbon.server.util.PatchUtils} -  Checking for patch changes ...
[2018-01-31 23:27:25,063]  INFO {org.wso2.carbon.server.util.PatchUtils} -  No new patch or service pack detected, server will start without applying patches 
[2018-01-31 23:27:25,064]  INFO {org.wso2.carbon.server.util.PatchUtils} -  Patch verification started
[2018-01-31 23:27:25,064]  INFO {org.wso2.carbon.server.util.PatchUtils} -  Patch verification successfully completed
[2018-01-31 23:30:56,528]  INFO {org.wso2.carbon.server.util.PatchUtils} -  Checking for patch changes ...
[2018-01-31 23:30:56,530]  INFO {org.wso2.carbon.server.util.PatchUtils} -  No new patch or service pack detected, server will start without applying patches 
[2018-01-31 23:30:56,530]  INFO {org.wso2.carbon.server.util.PatchUtils} -  Patch verification started
[2018-01-31 23:30:56,530]  INFO {org.wso2.carbon.server.util.PatchUtils} -  Patch verification successfully completed
[2018-01-31 23:35:08,030]  INFO {org.wso2.carbon.server.util.PatchUtils} -  Checking for patch changes ...
[2018-01-31 23:35:08,032]  INFO {org.wso2.carbon.server.util.PatchUtils} -  No new patch or service pack detected, server will start without applying patches 
[2018-01-31 23:35:08,032]  INFO {org.wso2.carbon.server.util.PatchUtils} -  Patch verification started
[2018-01-31 23:35:08,032]  INFO {org.wso2.carbon.server.util.PatchUtils} -  Patch verification successfully completed
[2018-01-31 23:56:23,588]  INFO {org.wso2.carbon.server.util.PatchUtils} -  Checking for patch changes ...
[2018-01-31 23:56:23,589]  INFO {org.wso2.carbon.server.util.PatchUtils} -  No new patch or service pack detected, server will start without applying patches 
[2018-01-31 23:56:23,589]  INFO {org.wso2.carbon.server.util.PatchUtils} -  Patch verification started
[2018-01-31 23:56:23,590]  INFO {org.wso2.carbon.server.util.PatchUtils} -  Patch verification successfully completed
[2018-01-31 23:57:59,355]  INFO {org.wso2.carbon.server.util.PatchUtils} -  Checking for patch changes ...
[2018-01-31 23:57:59,356]  INFO {org.wso2.carbon.server.util.PatchUtils} -  No new patch or service pack detected, server will start without applying patches 
[2018-01-31 23:57:59,357]  INFO {org.wso2.carbon.server.util.PatchUtils} -  Patch verification started
[2018-01-31 23:57:59,357]  INFO {org.wso2.carbon.server.util.PatchUtils} -  Patch verification successfully completed
[2018-02-01 00:23:20,070]  INFO {org.wso2.carbon.server.util.PatchUtils} -  Checking for patch changes ...
[2018-02-01 00:23:20,071]  INFO {org.wso2.carbon.server.util.PatchUtils} -  No new patch or service pack detected, server will start without applying patches 
[2018-02-01 00:23:20,071]  INFO {org.wso2.carbon.server.util.PatchUtils} -  Patch verification started
[2018-02-01 00:23:20,071]  INFO {org.wso2.carbon.server.util.PatchUtils} -  Patch verification successfully completed
[2018-02-01 00:28:24,700]  INFO {org.wso2.carbon.server.util.PatchUtils} -  Checking for patch changes ...
[2018-02-01 00:28:24,701]  INFO {org.wso2.carbon.server.util.PatchUtils} -  No new patch or service pack detected, server will start without applying patches 
[2018-02-01 00:28:24,702]  INFO {org.wso2.carbon.server.util.PatchUtils} -  Patch verification started
[2018-02-01 00:28:24,702]  INFO {org.wso2.carbon.server.util.PatchUtils} -  Patch verification successfully completed
[2018-02-01 10:27:17,816]  INFO {org.wso2.carbon.server.util.PatchUtils} -  Checking for patch changes ...
[2018-02-01 10:27:17,818]  INFO {org.wso2.carbon.server.util.PatchUtils} -  No new patch or service pack detected, server will start without applying patches 
[2018-02-01 10:27:17,818]  INFO {org.wso2.carbon.server.util.PatchUtils} -  Patch verification started
[2018-02-01 10:27:17,818]  INFO {org.wso2.carbon.server.util.PatchUtils} -  Patch verification successfully completed
[2018-02-01 10:35:01,476]  INFO {org.wso2.carbon.server.util.PatchUtils} -  Checking for patch changes ...
[2018-02-01 10:35:01,477]  INFO {org.wso2.carbon.server.util.PatchUtils} -  No new patch or service pack detected, server will start without applying patches 
[2018-02-01 10:35:01,478]  INFO {org.wso2.carbon.server.util.PatchUtils} -  Patch verification started
[2018-02-01 10:35:01,478]  INFO {org.wso2.carbon.server.util.PatchUtils} -  Patch verification successfully completed
[2018-02-01 10:41:39,424]  INFO {org.wso2.carbon.server.util.PatchUtils} -  Checking for patch changes ...
[2018-02-01 10:41:39,425]  INFO {org.wso2.carbon.server.util.PatchUtils} -  No new patch or service pack detected, server will start without applying patches 
[2018-02-01 10:41:39,426]  INFO {org.wso2.carbon.server.util.PatchUtils} -  Patch verification started
[2018-02-01 10:41:39,426]  INFO {org.wso2.carbon.server.util.PatchUtils} -  Patch verification successfully completed
[2018-02-01 11:38:24,992]  INFO {org.wso2.carbon.server.util.PatchUtils} -  Checking for patch changes ...
[2018-02-01 11:38:24,993]  INFO {org.wso2.carbon.server.util.PatchUtils} -  No new patch or service pack detected, server will start without applying patches 
[2018-02-01 11:38:24,993]  INFO {org.wso2.carbon.server.util.PatchUtils} -  Patch verification started
[2018-02-01 11:38:24,993]  INFO {org.wso2.carbon.server.util.PatchUtils} -  Patch verification successfully completed
[2018-02-01 12:06:42,099]  INFO {org.wso2.carbon.server.util.PatchUtils} -  Checking for patch changes ...
[2018-02-01 12:06:42,100]  INFO {org.wso2.carbon.server.util.PatchUtils} -  No new patch or service pack detected, server will start without applying patches 
[2018-02-01 12:06:42,100]  INFO {org.wso2.carbon.server.util.PatchUtils} -  Patch verification started
[2018-02-01 12:06:42,100]  INFO {org.wso2.carbon.server.util.PatchUtils} -  Patch verification successfully completed
[2018-02-01 12:16:41,964]  INFO {org.wso2.carbon.server.util.PatchUtils} -  Checking for patch changes ...
[2018-02-01 12:16:41,965]  INFO {org.wso2.carbon.server.util.PatchUtils} -  No new patch or service pack detected, server will start without applying patches 
[2018-02-01 12:16:41,966]  INFO {org.wso2.carbon.server.util.PatchUtils} -  Patch verification started
[2018-02-01 12:16:41,966]  INFO {org.wso2.carbon.server.util.PatchUtils} -  Patch verification successfully completed
[2018-02-01 12:43:40,745]  INFO {org.wso2.carbon.server.util.PatchUtils} -  Checking for patch changes ...
[2018-02-01 12:43:40,746]  INFO {org.wso2.carbon.server.util.PatchUtils} -  No new patch or service pack detected, server will start without applying patches 
[2018-02-01 12:43:40,746]  INFO {org.wso2.carbon.server.util.PatchUtils} -  Patch verification started
[2018-02-01 12:43:40,746]  INFO {org.wso2.carbon.server.util.PatchUtils} -  Patch verification successfully completed
[2018-02-01 13:00:45,465]  INFO {org.wso2.carbon.server.util.PatchUtils} -  Checking for patch changes ...
[2018-02-01 13:00:45,466]  INFO {org.wso2.carbon.server.util.PatchUtils} -  No new patch or service pack detected, server will start without applying patches 
[2018-02-01 13:00:45,467]  INFO {org.wso2.carbon.server.util.PatchUtils} -  Patch verification started
[2018-02-01 13:00:45,467]  INFO {org.wso2.carbon.server.util.PatchUtils} -  Patch verification successfully completed
[2018-02-01 13:07:52,359]  INFO {org.wso2.carbon.server.util.PatchUtils} -  Checking for patch changes ...
[2018-02-01 13:07:52,360]  INFO {org.wso2.carbon.server.util.PatchUtils} -  No new patch or service pack detected, server will start without applying patches 
[2018-02-01 13:07:52,360]  INFO {org.wso2.carbon.server.util.PatchUtils} -  Patch verification started
[2018-02-01 13:07:52,360]  INFO {org.wso2.carbon.server.util.PatchUtils} -  Patch verification successfully completed
[2018-02-01 13:27:01,741]  INFO {org.wso2.carbon.server.util.PatchUtils} -  Checking for patch changes ...
[2018-02-01 13:27:01,742]  INFO {org.wso2.carbon.server.util.PatchUtils} -  No new patch or service pack detected, server will start without applying patches 
[2018-02-01 13:27:01,742]  INFO {org.wso2.carbon.server.util.PatchUtils} -  Patch verification started
[2018-02-01 13:27:01,742]  INFO {org.wso2.carbon.server.util.PatchUtils} -  Patch verification successfully completed
[2018-02-01 14:11:45,547]  INFO {org.wso2.carbon.server.util.PatchUtils} -  Checking for patch changes ...
[2018-02-01 14:11:45,549]  INFO {org.wso2.carbon.server.util.PatchUtils} -  No new patch or service pack detected, server will start without applying patches 
[2018-02-01 14:11:45,549]  INFO {org.wso2.carbon.server.util.PatchUtils} -  Patch verification started
[2018-02-01 14:11:45,549]  INFO {org.wso2.carbon.server.util.PatchUtils} -  Patch verification successfully completed
[2018-02-01 14:24:36,069]  INFO {org.wso2.carbon.server.util.PatchUtils} -  Checking for patch changes ...
[2018-02-01 14:24:36,071]  INFO {org.wso2.carbon.server.util.PatchUtils} -  No new patch or service pack detected, server will start without applying patches 
[2018-02-01 14:24:36,071]  INFO {org.wso2.carbon.server.util.PatchUtils} -  Patch verification started
[2018-02-01 14:24:36,071]  INFO {org.wso2.carbon.server.util.PatchUtils} -  Patch verification successfully completed
[2018-02-01 14:24:44,373]  INFO {org.wso2.carbon.server.util.PatchUtils} -  Checking for patch changes ...
[2018-02-01 14:24:44,375]  INFO {org.wso2.carbon.server.util.PatchUtils} -  No new patch or service pack detected, server will start without applying patches 
[2018-02-01 14:24:44,375]  INFO {org.wso2.carbon.server.util.PatchUtils} -  Patch verification started
[2018-02-01 14:24:44,375]  INFO {org.wso2.carbon.server.util.PatchUtils} -  Patch verification successfully completed
[2018-02-01 14:32:09,998]  INFO {org.wso2.carbon.server.util.PatchUtils} -  Checking for patch changes ...
[2018-02-01 14:32:09,999]  INFO {org.wso2.carbon.server.util.PatchUtils} -  No new patch or service pack detected, server will start without applying patches 
[2018-02-01 14:32:09,999]  INFO {org.wso2.carbon.server.util.PatchUtils} -  Patch verification started
[2018-02-01 14:32:09,999]  INFO {org.wso2.carbon.server.util.PatchUtils} -  Patch verification successfully completed
[2018-02-01 14:34:18,510]  INFO {org.wso2.carbon.server.util.PatchUtils} -  Checking for patch changes ...
[2018-02-01 14:34:18,512]  INFO {org.wso2.carbon.server.util.PatchUtils} -  No new patch or service pack detected, server will start without applying patches 
[2018-02-01 14:34:18,512]  INFO {org.wso2.carbon.server.util.PatchUtils} -  Patch verification started
[2018-02-01 14:34:18,512]  INFO {org.wso2.carbon.server.util.PatchUtils} -  Patch verification successfully completed
[2018-02-01 14:51:47,702]  INFO {org.wso2.carbon.server.util.PatchUtils} -  Checking for patch changes ...
[2018-02-01 14:51:47,703]  INFO {org.wso2.carbon.server.util.PatchUtils} -  No new patch or service pack detected, server will start without applying patches 
[2018-02-01 14:51:47,703]  INFO {org.wso2.carbon.server.util.PatchUtils} -  Patch verification started
[2018-02-01 14:51:47,703]  INFO {org.wso2.carbon.server.util.PatchUtils} -  Patch verification successfully completed
[2018-02-01 14:59:54,394]  INFO {org.wso2.carbon.server.util.PatchUtils} -  Checking for patch changes ...
[2018-02-01 14:59:54,395]  INFO {org.wso2.carbon.server.util.PatchUtils} -  No new patch or service pack detected, server will start without applying patches 
[2018-02-01 14:59:54,396]  INFO {org.wso2.carbon.server.util.PatchUtils} -  Patch verification started
[2018-02-01 14:59:54,396]  INFO {org.wso2.carbon.server.util.PatchUtils} -  Patch verification successfully completed
[2018-02-01 15:00:22,031]  INFO {org.wso2.carbon.server.util.PatchUtils} -  Checking for patch changes ...
[2018-02-01 15:00:22,033]  INFO {org.wso2.carbon.server.util.PatchUtils} -  No new patch or service pack detected, server will start without applying patches 
[2018-02-01 15:00:22,033]  INFO {org.wso2.carbon.server.util.PatchUtils} -  Patch verification started
[2018-02-01 15:00:22,034]  INFO {org.wso2.carbon.server.util.PatchUtils} -  Patch verification successfully completed
[2018-02-01 15:03:15,694]  INFO {org.wso2.carbon.server.util.PatchUtils} -  Checking for patch changes ...
[2018-02-01 15:03:15,695]  INFO {org.wso2.carbon.server.util.PatchUtils} -  No new patch or service pack detected, server will start without applying patches 
[2018-02-01 15:03:15,696]  INFO {org.wso2.carbon.server.util.PatchUtils} -  Patch verification started
[2018-02-01 15:03:15,696]  INFO {org.wso2.carbon.server.util.PatchUtils} -  Patch verification successfully completed
[2018-02-01 15:11:23,566]  INFO {org.wso2.carbon.server.util.PatchUtils} -  Checking for patch changes ...
[2018-02-01 15:11:23,568]  INFO {org.wso2.carbon.server.util.PatchUtils} -  No new patch or service pack detected, server will start without applying patches 
[2018-02-01 15:11:23,568]  INFO {org.wso2.carbon.server.util.PatchUtils} -  Patch verification started
[2018-02-01 15:11:23,568]  INFO {org.wso2.carbon.server.util.PatchUtils} -  Patch verification successfully completed
[2018-02-01 15:16:12,563]  INFO {org.wso2.carbon.server.util.PatchUtils} -  Checking for patch changes ...
[2018-02-01 15:16:12,564]  INFO {org.wso2.carbon.server.util.PatchUtils} -  No new patch or service pack detected, server will start without applying patches 
[2018-02-01 15:16:12,564]  INFO {org.wso2.carbon.server.util.PatchUtils} -  Patch verification started
[2018-02-01 15:16:12,565]  INFO {org.wso2.carbon.server.util.PatchUtils} -  Patch verification successfully completed
[2018-02-01 15:34:38,458]  INFO {org.wso2.carbon.server.util.PatchUtils} -  Checking for patch changes ...
[2018-02-01 15:34:38,460]  INFO {org.wso2.carbon.server.util.PatchUtils} -  No new patch or service pack detected, server will start without applying patches 
[2018-02-01 15:34:38,460]  INFO {org.wso2.carbon.server.util.PatchUtils} -  Patch verification started
[2018-02-01 15:34:38,460]  INFO {org.wso2.carbon.server.util.PatchUtils} -  Patch verification successfully completed
[2018-02-01 15:35:43,912]  INFO {org.wso2.carbon.server.util.PatchUtils} -  Checking for patch changes ...
[2018-02-01 15:35:43,914]  INFO {org.wso2.carbon.server.util.PatchUtils} -  No new patch or service pack detected, server will start without applying patches 
[2018-02-01 15:35:43,914]  INFO {org.wso2.carbon.server.util.PatchUtils} -  Patch verification started
[2018-02-01 15:35:43,914]  INFO {org.wso2.carbon.server.util.PatchUtils} -  Patch verification successfully completed
[2018-02-01 16:03:07,122]  INFO {org.wso2.carbon.server.util.PatchUtils} -  Checking for patch changes ...
[2018-02-01 16:03:07,124]  INFO {org.wso2.carbon.server.util.PatchUtils} -  No new patch or service pack detected, server will start without applying patches 
[2018-02-01 16:03:07,124]  INFO {org.wso2.carbon.server.util.PatchUtils} -  Patch verification started
[2018-02-01 16:03:07,124]  INFO {org.wso2.carbon.server.util.PatchUtils} -  Patch verification successfully completed
[2018-02-01 16:50:37,143]  INFO {org.wso2.carbon.server.util.PatchUtils} -  Checking for patch changes ...
[2018-02-01 16:50:37,145]  INFO {org.wso2.carbon.server.util.PatchUtils} -  No new patch or service pack detected, server will start without applying patches 
[2018-02-01 16:50:37,145]  INFO {org.wso2.carbon.server.util.PatchUtils} -  Patch verification started
[2018-02-01 16:50:37,145]  INFO {org.wso2.carbon.server.util.PatchUtils} -  Patch verification successfully completed
[2018-02-01 17:04:17,070]  INFO {org.wso2.carbon.server.util.PatchUtils} -  Checking for patch changes ...
[2018-02-01 17:04:17,072]  INFO {org.wso2.carbon.server.util.PatchUtils} -  No new patch or service pack detected, server will start without applying patches 
[2018-02-01 17:04:17,072]  INFO {org.wso2.carbon.server.util.PatchUtils} -  Patch verification started
[2018-02-01 17:04:17,072]  INFO {org.wso2.carbon.server.util.PatchUtils} -  Patch verification successfully completed
[2018-02-01 17:09:24,467]  INFO {org.wso2.carbon.server.util.PatchUtils} -  Checking for patch changes ...
[2018-02-01 17:09:24,468]  INFO {org.wso2.carbon.server.util.PatchUtils} -  No new patch or service pack detected, server will start without applying patches 
[2018-02-01 17:09:24,468]  INFO {org.wso2.carbon.server.util.PatchUtils} -  Patch verification started
[2018-02-01 17:09:24,468]  INFO {org.wso2.carbon.server.util.PatchUtils} -  Patch verification successfully completed
[2018-02-01 17:10:49,206]  INFO {org.wso2.carbon.server.util.PatchUtils} -  Checking for patch changes ...
[2018-02-01 17:10:49,208]  INFO {org.wso2.carbon.server.util.PatchUtils} -  No new patch or service pack detected, server will start without applying patches 
[2018-02-01 17:10:49,208]  INFO {org.wso2.carbon.server.util.PatchUtils} -  Patch verification started
[2018-02-01 17:10:49,208]  INFO {org.wso2.carbon.server.util.PatchUtils} -  Patch verification successfully completed
[2018-02-01 17:13:33,933]  INFO {org.wso2.carbon.server.util.PatchUtils} -  Checking for patch changes ...
[2018-02-01 17:13:33,935]  INFO {org.wso2.carbon.server.util.PatchUtils} -  No new patch or service pack detected, server will start without applying patches 
[2018-02-01 17:13:33,935]  INFO {org.wso2.carbon.server.util.PatchUtils} -  Patch verification started
[2018-02-01 17:13:33,935]  INFO {org.wso2.carbon.server.util.PatchUtils} -  Patch verification successfully completed
[2018-02-01 17:19:00,687]  INFO {org.wso2.carbon.server.util.PatchUtils} -  Checking for patch changes ...
[2018-02-01 17:19:00,688]  INFO {org.wso2.carbon.server.util.PatchUtils} -  No new patch or service pack detected, server will start without applying patches 
[2018-02-01 17:19:00,688]  INFO {org.wso2.carbon.server.util.PatchUtils} -  Patch verification started
[2018-02-01 17:19:00,689]  INFO {org.wso2.carbon.server.util.PatchUtils} -  Patch verification successfully completed
[2018-02-01 17:21:48,952]  INFO {org.wso2.carbon.server.util.PatchUtils} -  Checking for patch changes ...
[2018-02-01 17:21:48,953]  INFO {org.wso2.carbon.server.util.PatchUtils} -  No new patch or service pack detected, server will start without applying patches 
[2018-02-01 17:21:48,954]  INFO {org.wso2.carbon.server.util.PatchUtils} -  Patch verification started
[2018-02-01 17:21:48,954]  INFO {org.wso2.carbon.server.util.PatchUtils} -  Patch verification successfully completed
[2018-02-01 17:41:37,703]  INFO {org.wso2.carbon.server.util.PatchUtils} -  Checking for patch changes ...
[2018-02-01 17:41:37,705]  INFO {org.wso2.carbon.server.util.PatchUtils} -  No new patch or service pack detected, server will start without applying patches 
[2018-02-01 17:41:37,705]  INFO {org.wso2.carbon.server.util.PatchUtils} -  Patch verification started
[2018-02-01 17:41:37,705]  INFO {org.wso2.carbon.server.util.PatchUtils} -  Patch verification successfully completed
[2018-02-01 17:43:29,993]  INFO {org.wso2.carbon.server.util.PatchUtils} -  Checking for patch changes ...
[2018-02-01 17:43:29,995]  INFO {org.wso2.carbon.server.util.PatchUtils} -  No new patch or service pack detected, server will start without applying patches 
[2018-02-01 17:43:29,995]  INFO {org.wso2.carbon.server.util.PatchUtils} -  Patch verification started
[2018-02-01 17:43:29,995]  INFO {org.wso2.carbon.server.util.PatchUtils} -  Patch verification successfully completed
[2018-02-02 12:47:57,056]  INFO {org.wso2.carbon.server.util.PatchUtils} -  Checking for patch changes ...
[2018-02-02 12:47:57,057]  INFO {org.wso2.carbon.server.util.PatchUtils} -  No new patch or service pack detected, server will start without applying patches 
[2018-02-02 12:47:57,057]  INFO {org.wso2.carbon.server.util.PatchUtils} -  Patch verification started
[2018-02-02 12:47:57,058]  INFO {org.wso2.carbon.server.util.PatchUtils} -  Patch verification successfully completed
[2018-02-02 13:31:45,822]  INFO {org.wso2.carbon.server.util.PatchUtils} -  Checking for patch changes ...
[2018-02-02 13:31:45,823]  INFO {org.wso2.carbon.server.util.PatchUtils} -  No new patch or service pack detected, server will start without applying patches 
[2018-02-02 13:31:45,823]  INFO {org.wso2.carbon.server.util.PatchUtils} -  Patch verification started
[2018-02-02 13:31:45,823]  INFO {org.wso2.carbon.server.util.PatchUtils} -  Patch verification successfully completed
[2018-02-02 13:41:52,130]  INFO {org.wso2.carbon.server.util.PatchUtils} -  Checking for patch changes ...
[2018-02-02 13:41:52,131]  INFO {org.wso2.carbon.server.util.PatchUtils} -  No new patch or service pack detected, server will start without applying patches 
[2018-02-02 13:41:52,131]  INFO {org.wso2.carbon.server.util.PatchUtils} -  Patch verification started
[2018-02-02 13:41:52,131]  INFO {org.wso2.carbon.server.util.PatchUtils} -  Patch verification successfully completed
[2018-02-02 13:44:57,738]  INFO {org.wso2.carbon.server.util.PatchUtils} -  Checking for patch changes ...
[2018-02-02 13:44:57,739]  INFO {org.wso2.carbon.server.util.PatchUtils} -  No new patch or service pack detected, server will start without applying patches 
[2018-02-02 13:44:57,739]  INFO {org.wso2.carbon.server.util.PatchUtils} -  Patch verification started
[2018-02-02 13:44:57,739]  INFO {org.wso2.carbon.server.util.PatchUtils} -  Patch verification successfully completed
[2018-02-02 13:52:39,846]  INFO {org.wso2.carbon.server.util.PatchUtils} -  Checking for patch changes ...
[2018-02-02 13:52:39,847]  INFO {org.wso2.carbon.server.util.PatchUtils} -  No new patch or service pack detected, server will start without applying patches 
[2018-02-02 13:52:39,847]  INFO {org.wso2.carbon.server.util.PatchUtils} -  Patch verification started
[2018-02-02 13:52:39,847]  INFO {org.wso2.carbon.server.util.PatchUtils} -  Patch verification successfully completed
[2018-02-02 13:55:56,370]  INFO {org.wso2.carbon.server.util.PatchUtils} -  Checking for patch changes ...
[2018-02-02 13:55:56,371]  INFO {org.wso2.carbon.server.util.PatchUtils} -  No new patch or service pack detected, server will start without applying patches 
[2018-02-02 13:55:56,372]  INFO {org.wso2.carbon.server.util.PatchUtils} -  Patch verification started
[2018-02-02 13:55:56,372]  INFO {org.wso2.carbon.server.util.PatchUtils} -  Patch verification successfully completed
[2018-02-02 16:27:07,366]  INFO {org.wso2.carbon.server.util.PatchUtils} -  Checking for patch changes ...
[2018-02-02 16:27:07,368]  INFO {org.wso2.carbon.server.util.PatchUtils} -  No new patch or service pack detected, server will start without applying patches 
[2018-02-02 16:27:07,368]  INFO {org.wso2.carbon.server.util.PatchUtils} -  Patch verification started
[2018-02-02 16:27:07,368]  INFO {org.wso2.carbon.server.util.PatchUtils} -  Patch verification successfully completed
[2018-02-02 16:30:35,640]  INFO {org.wso2.carbon.server.util.PatchUtils} -  Checking for patch changes ...
[2018-02-02 16:30:35,641]  INFO {org.wso2.carbon.server.util.PatchUtils} -  No new patch or service pack detected, server will start without applying patches 
[2018-02-02 16:30:35,642]  INFO {org.wso2.carbon.server.util.PatchUtils} -  Patch verification started
[2018-02-02 16:30:35,642]  INFO {org.wso2.carbon.server.util.PatchUtils} -  Patch verification successfully completed
[2018-02-02 16:39:12,941]  INFO {org.wso2.carbon.server.util.PatchUtils} -  Checking for patch changes ...
[2018-02-02 16:39:12,942]  INFO {org.wso2.carbon.server.util.PatchUtils} -  No new patch or service pack detected, server will start without applying patches 
[2018-02-02 16:39:12,942]  INFO {org.wso2.carbon.server.util.PatchUtils} -  Patch verification started
[2018-02-02 16:39:12,942]  INFO {org.wso2.carbon.server.util.PatchUtils} -  Patch verification successfully completed
[2018-02-02 17:27:15,316]  INFO {org.wso2.carbon.server.util.PatchUtils} -  Checking for patch changes ...
[2018-02-02 17:27:15,317]  INFO {org.wso2.carbon.server.util.PatchUtils} -  No new patch or service pack detected, server will start without applying patches 
[2018-02-02 17:27:15,318]  INFO {org.wso2.carbon.server.util.PatchUtils} -  Patch verification started
[2018-02-02 17:27:15,318]  INFO {org.wso2.carbon.server.util.PatchUtils} -  Patch verification successfully completed
[2018-02-02 17:35:42,352]  INFO {org.wso2.carbon.server.util.PatchUtils} -  Checking for patch changes ...
[2018-02-02 17:35:42,354]  INFO {org.wso2.carbon.server.util.PatchUtils} -  No new patch or service pack detected, server will start without applying patches 
[2018-02-02 17:35:42,354]  INFO {org.wso2.carbon.server.util.PatchUtils} -  Patch verification started
[2018-02-02 17:35:42,354]  INFO {org.wso2.carbon.server.util.PatchUtils} -  Patch verification successfully completed
[2018-02-02 17:44:56,256]  INFO {org.wso2.carbon.server.util.PatchUtils} -  Checking for patch changes ...
[2018-02-02 17:44:56,257]  INFO {org.wso2.carbon.server.util.PatchUtils} -  No new patch or service pack detected, server will start without applying patches 
[2018-02-02 17:44:56,257]  INFO {org.wso2.carbon.server.util.PatchUtils} -  Patch verification started
[2018-02-02 17:44:56,257]  INFO {org.wso2.carbon.server.util.PatchUtils} -  Patch verification successfully completed
[2018-02-02 17:50:12,302]  INFO {org.wso2.carbon.server.util.PatchUtils} -  Checking for patch changes ...
[2018-02-02 17:50:12,303]  INFO {org.wso2.carbon.server.util.PatchUtils} -  No new patch or service pack detected, server will start without applying patches 
[2018-02-02 17:50:12,303]  INFO {org.wso2.carbon.server.util.PatchUtils} -  Patch verification started
[2018-02-02 17:50:12,303]  INFO {org.wso2.carbon.server.util.PatchUtils} -  Patch verification successfully completed
[2018-02-02 17:52:56,040]  INFO {org.wso2.carbon.server.util.PatchUtils} -  Checking for patch changes ...
[2018-02-02 17:52:56,042]  INFO {org.wso2.carbon.server.util.PatchUtils} -  No new patch or service pack detected, server will start without applying patches 
[2018-02-02 17:52:56,042]  INFO {org.wso2.carbon.server.util.PatchUtils} -  Patch verification started
[2018-02-02 17:52:56,042]  INFO {org.wso2.carbon.server.util.PatchUtils} -  Patch verification successfully completed
[2018-02-02 17:58:58,939]  INFO {org.wso2.carbon.server.util.PatchUtils} -  Checking for patch changes ...
[2018-02-02 17:58:58,940]  INFO {org.wso2.carbon.server.util.PatchUtils} -  No new patch or service pack detected, server will start without applying patches 
[2018-02-02 17:58:58,940]  INFO {org.wso2.carbon.server.util.PatchUtils} -  Patch verification started
[2018-02-02 17:58:58,940]  INFO {org.wso2.carbon.server.util.PatchUtils} -  Patch verification successfully completed
[2018-02-02 18:01:16,385]  INFO {org.wso2.carbon.server.util.PatchUtils} -  Checking for patch changes ...
[2018-02-02 18:01:16,387]  INFO {org.wso2.carbon.server.util.PatchUtils} -  No new patch or service pack detected, server will start without applying patches 
[2018-02-02 18:01:16,387]  INFO {org.wso2.carbon.server.util.PatchUtils} -  Patch verification started
[2018-02-02 18:01:16,387]  INFO {org.wso2.carbon.server.util.PatchUtils} -  Patch verification successfully completed
[2018-02-02 18:07:30,104]  INFO {org.wso2.carbon.server.util.PatchUtils} -  Checking for patch changes ...
[2018-02-02 18:07:30,106]  INFO {org.wso2.carbon.server.util.PatchUtils} -  No new patch or service pack detected, server will start without applying patches 
[2018-02-02 18:07:30,106]  INFO {org.wso2.carbon.server.util.PatchUtils} -  Patch verification started
[2018-02-02 18:07:30,106]  INFO {org.wso2.carbon.server.util.PatchUtils} -  Patch verification successfully completed
[2018-02-02 18:07:45,879]  INFO {org.wso2.carbon.server.util.PatchUtils} -  Checking for patch changes ...
[2018-02-02 18:07:45,880]  INFO {org.wso2.carbon.server.util.PatchUtils} -  No new patch or service pack detected, server will start without applying patches 
[2018-02-02 18:07:45,880]  INFO {org.wso2.carbon.server.util.PatchUtils} -  Patch verification started
[2018-02-02 18:07:45,880]  INFO {org.wso2.carbon.server.util.PatchUtils} -  Patch verification successfully completed
[2018-02-02 18:09:03,404]  INFO {org.wso2.carbon.server.util.PatchUtils} -  Checking for patch changes ...
[2018-02-02 18:09:03,405]  INFO {org.wso2.carbon.server.util.PatchUtils} -  No new patch or service pack detected, server will start without applying patches 
[2018-02-02 18:09:03,406]  INFO {org.wso2.carbon.server.util.PatchUtils} -  Patch verification started
[2018-02-02 18:09:03,406]  INFO {org.wso2.carbon.server.util.PatchUtils} -  Patch verification successfully completed
[2018-02-02 18:21:16,959]  INFO {org.wso2.carbon.server.util.PatchUtils} -  Checking for patch changes ...
[2018-02-02 18:21:16,960]  INFO {org.wso2.carbon.server.util.PatchUtils} -  No new patch or service pack detected, server will start without applying patches 
[2018-02-02 18:21:16,960]  INFO {org.wso2.carbon.server.util.PatchUtils} -  Patch verification started
[2018-02-02 18:21:16,960]  INFO {org.wso2.carbon.server.util.PatchUtils} -  Patch verification successfully completed
[2018-02-02 18:28:59,849]  INFO {org.wso2.carbon.server.util.PatchUtils} -  Checking for patch changes ...
[2018-02-02 18:28:59,850]  INFO {org.wso2.carbon.server.util.PatchUtils} -  No new patch or service pack detected, server will start without applying patches 
[2018-02-02 18:28:59,850]  INFO {org.wso2.carbon.server.util.PatchUtils} -  Patch verification started
[2018-02-02 18:28:59,850]  INFO {org.wso2.carbon.server.util.PatchUtils} -  Patch verification successfully completed
[2018-02-02 18:33:12,384]  INFO {org.wso2.carbon.server.util.PatchUtils} -  Checking for patch changes ...
[2018-02-02 18:33:12,386]  INFO {org.wso2.carbon.server.util.PatchUtils} -  No new patch or service pack detected, server will start without applying patches 
[2018-02-02 18:33:12,386]  INFO {org.wso2.carbon.server.util.PatchUtils} -  Patch verification started
[2018-02-02 18:33:12,386]  INFO {org.wso2.carbon.server.util.PatchUtils} -  Patch verification successfully completed
[2018-02-02 18:37:51,666]  INFO {org.wso2.carbon.server.util.PatchUtils} -  Checking for patch changes ...
[2018-02-02 18:37:51,668]  INFO {org.wso2.carbon.server.util.PatchUtils} -  No new patch or service pack detected, server will start without applying patches 
[2018-02-02 18:37:51,668]  INFO {org.wso2.carbon.server.util.PatchUtils} -  Patch verification started
[2018-02-02 18:37:51,668]  INFO {org.wso2.carbon.server.util.PatchUtils} -  Patch verification successfully completed
[2018-02-02 18:40:05,470]  INFO {org.wso2.carbon.server.util.PatchUtils} -  Checking for patch changes ...
[2018-02-02 18:40:05,471]  INFO {org.wso2.carbon.server.util.PatchUtils} -  No new patch or service pack detected, server will start without applying patches 
[2018-02-02 18:40:05,472]  INFO {org.wso2.carbon.server.util.PatchUtils} -  Patch verification started
[2018-02-02 18:40:05,472]  INFO {org.wso2.carbon.server.util.PatchUtils} -  Patch verification successfully completed
[2018-02-02 18:42:48,476]  INFO {org.wso2.carbon.server.util.PatchUtils} -  Checking for patch changes ...
[2018-02-02 18:42:48,477]  INFO {org.wso2.carbon.server.util.PatchUtils} -  No new patch or service pack detected, server will start without applying patches 
[2018-02-02 18:42:48,477]  INFO {org.wso2.carbon.server.util.PatchUtils} -  Patch verification started
[2018-02-02 18:42:48,478]  INFO {org.wso2.carbon.server.util.PatchUtils} -  Patch verification successfully completed
[2018-02-05 10:15:51,511]  INFO {org.wso2.carbon.server.util.PatchUtils} -  Checking for patch changes ...
[2018-02-05 10:15:51,512]  INFO {org.wso2.carbon.server.util.PatchUtils} -  No new patch or service pack detected, server will start without applying patches 
[2018-02-05 10:15:51,513]  INFO {org.wso2.carbon.server.util.PatchUtils} -  Patch verification started
[2018-02-05 10:15:51,513]  INFO {org.wso2.carbon.server.util.PatchUtils} -  Patch verification successfully completed
[2018-02-05 10:41:32,304]  INFO {org.wso2.carbon.server.util.PatchUtils} -  Checking for patch changes ...
[2018-02-05 10:41:32,305]  INFO {org.wso2.carbon.server.util.PatchUtils} -  No new patch or service pack detected, server will start without applying patches 
[2018-02-05 10:41:32,306]  INFO {org.wso2.carbon.server.util.PatchUtils} -  Patch verification started
[2018-02-05 10:41:32,306]  INFO {org.wso2.carbon.server.util.PatchUtils} -  Patch verification successfully completed
[2018-02-05 10:44:41,127]  INFO {org.wso2.carbon.server.util.PatchUtils} -  Checking for patch changes ...
[2018-02-05 10:44:41,128]  INFO {org.wso2.carbon.server.util.PatchUtils} -  No new patch or service pack detected, server will start without applying patches 
[2018-02-05 10:44:41,128]  INFO {org.wso2.carbon.server.util.PatchUtils} -  Patch verification started
[2018-02-05 10:44:41,128]  INFO {org.wso2.carbon.server.util.PatchUtils} -  Patch verification successfully completed
